Info 0    [00:09:33.769] Starting TS Server
Info 1    [00:09:33.769] Version: 4.5.4
Info 2    [00:09:33.769] Arguments: /usr/bin/node /usr/lib/node_modules/typescript/lib/tsserver.js --logFile /home/master/Desktop/ncmpcpp-lyrics/.log/tsserver.log --logVerbosity info --cancellationPipeName /tmp/af11495aa2fe1534fc06946794716cb5/tscancellation*
Info 3    [00:09:33.769] Platform: linux NodeVersion: 17 CaseSensitive: true
Info 4    [00:09:33.769] ServerMode: undefined syntaxOnly: false hasUnknownServerMode: undefined
Info 5    [00:09:33.785] Format host information updated
Info 6    [00:09:33.788] Search path: /home/master/Desktop/ncmpcpp-lyrics
Info 7    [00:09:33.788] For info: /home/master/Desktop/ncmpcpp-lyrics/index.js :: No config files found.
Info 8    [00:09:33.793] Starting updateGraphWorker: Project: /dev/null/inferredProject1*
Info 9    [00:09:35.168] Finishing updateGraphWorker: Project: /dev/null/inferredProject1* Version: 1 structureChanged: true structureIsReused:: Not Elapsed: 1374.8538930043578ms
Info 10   [00:09:35.168] Project '/dev/null/inferredProject1*' (Inferred)
Info 11   [00:09:35.168] 	Files (106)

Info 12   [00:09:35.168] -----------------------------------------------
Info 13   [00:09:35.185] Starting updateGraphWorker: Project: /dev/null/autoImportProviderProject1*
Info 14   [00:09:35.479] Finishing updateGraphWorker: Project: /dev/null/autoImportProviderProject1* Version: 1 structureChanged: true structureIsReused:: Not Elapsed: 293.6690960004926ms
Info 15   [00:09:35.479] Project '/dev/null/autoImportProviderProject1*' (AutoImportProvider)
Info 16   [00:09:35.479] 	Files (34)

Info 17   [00:09:35.479] -----------------------------------------------
Info 18   [00:09:36.828] Starting updateGraphWorker: Project: /dev/null/inferredProject1*
Info 19   [00:09:37.290] Finishing updateGraphWorker: Project: /dev/null/inferredProject1* Version: 2 structureChanged: true structureIsReused:: Not Elapsed: 461.9503399953246ms
Info 20   [00:09:37.290] Project '/dev/null/inferredProject1*' (Inferred)
Info 21   [00:09:37.290] 	Files (201)

Info 22   [00:09:37.290] -----------------------------------------------
Info 23   [00:09:37.290] Project '/dev/null/autoImportProviderProject1*' (AutoImportProvider)
Info 24   [00:09:37.290] 	Files (34)

Info 25   [00:09:37.290] -----------------------------------------------
Info 26   [00:09:39.079] Before ensureProjectForOpenFiles:
Info 27   [00:09:39.080] After ensureProjectForOpenFiles:
Info 28   [00:09:39.083] got projects updated in background, updating diagnostics for /home/master/Desktop/ncmpcpp-lyrics/index.js
Info 29   [00:09:42.435] Starting updateGraphWorker: Project: /dev/null/inferredProject1*
Info 30   [00:09:42.449] Finishing updateGraphWorker: Project: /dev/null/inferredProject1* Version: 3 structureChanged: false structureIsReused:: Completely Elapsed: 13.40718000382185ms
Info 31   [00:09:42.449] Different program with same set of files
Info 32   [00:09:43.494] Starting updateGraphWorker: Project: /dev/null/inferredProject1*
Info 33   [00:09:43.502] Finishing updateGraphWorker: Project: /dev/null/inferredProject1* Version: 4 structureChanged: false structureIsReused:: Completely Elapsed: 8.047659002244473ms
Info 34   [00:09:43.502] Different program with same set of files
Info 35   [00:09:43.774] Starting updateGraphWorker: Project: /dev/null/inferredProject1*
Info 36   [00:09:43.800] Finishing updateGraphWorker: Project: /dev/null/inferredProject1* Version: 5 structureChanged: false structureIsReused:: Completely Elapsed: 25.898640997707844ms
Info 37   [00:09:43.800] Different program with same set of files
Info 38   [00:09:44.465] Starting updateGraphWorker: Project: /dev/null/inferredProject1*
Info 39   [00:09:44.474] Finishing updateGraphWorker: Project: /dev/null/inferredProject1* Version: 6 structureChanged: false structureIsReused:: Completely Elapsed: 8.891290001571178ms
Info 40   [00:09:44.474] Different program with same set of files
Info 41   [00:09:46.116] Starting updateGraphWorker: Project: /dev/null/inferredProject1*
Info 42   [00:09:46.122] Finishing updateGraphWorker: Project: /dev/null/inferredProject1* Version: 7 structureChanged: false structureIsReused:: Completely Elapsed: 6.144206993281841ms
Info 43   [00:09:46.122] Different program with same set of files
Info 44   [00:09:47.043] Starting updateGraphWorker: Project: /dev/null/inferredProject1*
Info 45   [00:09:47.049] Finishing updateGraphWorker: Project: /dev/null/inferredProject1* Version: 8 structureChanged: false structureIsReused:: Completely Elapsed: 5.857656002044678ms
Info 46   [00:09:47.049] Different program with same set of files
Info 47   [00:09:47.707] Starting updateGraphWorker: Project: /dev/null/inferredProject1*
Info 48   [00:09:47.712] Finishing updateGraphWorker: Project: /dev/null/inferredProject1* Version: 9 structureChanged: false structureIsReused:: Completely Elapsed: 5.700947001576424ms
Info 49   [00:09:47.712] Different program with same set of files
Info 50   [00:09:48.412] Starting updateGraphWorker: Project: /dev/null/inferredProject1*
Info 51   [00:09:48.417] Finishing updateGraphWorker: Project: /dev/null/inferredProject1* Version: 10 structureChanged: false structureIsReused:: Completely Elapsed: 5.457545004785061ms
Info 52   [00:09:48.418] Different program with same set of files
Info 53   [00:09:49.036] Starting updateGraphWorker: Project: /dev/null/inferredProject1*
Info 54   [00:09:49.042] Finishing updateGraphWorker: Project: /dev/null/inferredProject1* Version: 11 structureChanged: false structureIsReused:: Completely Elapsed: 5.381549999117851ms
Info 55   [00:09:49.042] Different program with same set of files
Info 56   [00:09:49.256] Starting updateGraphWorker: Project: /dev/null/inferredProject1*
Info 57   [00:09:49.262] Finishing updateGraphWorker: Project: /dev/null/inferredProject1* Version: 12 structureChanged: false structureIsReused:: Completely Elapsed: 5.984529003500938ms
Info 58   [00:09:49.262] Different program with same set of files
Info 59   [00:09:49.572] Starting updateGraphWorker: Project: /dev/null/inferredProject1*
Info 60   [00:09:49.578] Finishing updateGraphWorker: Project: /dev/null/inferredProject1* Version: 13 structureChanged: false structureIsReused:: Completely Elapsed: 5.696446001529694ms
Info 61   [00:09:49.578] Different program with same set of files
Info 62   [00:09:49.787] Starting updateGraphWorker: Project: /dev/null/inferredProject1*
Info 63   [00:09:49.792] Finishing updateGraphWorker: Project: /dev/null/inferredProject1* Version: 14 structureChanged: false structureIsReused:: Completely Elapsed: 5.287244997918606ms
Info 64   [00:09:49.792] Different program with same set of files
Info 65   [00:09:50.087] Starting updateGraphWorker: Project: /dev/null/inferredProject1*
Info 66   [00:09:50.092] Finishing updateGraphWorker: Project: /dev/null/inferredProject1* Version: 15 structureChanged: false structureIsReused:: Completely Elapsed: 5.030240997672081ms
Info 67   [00:09:50.093] Different program with same set of files
Info 68   [00:09:50.755] Starting updateGraphWorker: Project: /dev/null/inferredProject1*
Info 69   [00:09:50.761] Finishing updateGraphWorker: Project: /dev/null/inferredProject1* Version: 16 structureChanged: false structureIsReused:: Completely Elapsed: 5.7345380038022995ms
Info 70   [00:09:50.761] Different program with same set of files
Err 71    [00:09:51.093] Exception on executing command {"command":"getCodeFixes","seq":69,"type":"request","arguments":{"file":"/home/master/Desktop/ncmpcpp-lyrics/index.js","startLine":56,"startOffset":10,"endLine":56,"endOffset":10,"errorCodes":[1005,6133]}}:

    BADCLIENT: Bad error code, 6133 not found in range 1333..1333 (found: 1005, false); could have caused this error:
    Debug Failure. False expression: should not delete whole source file

    Error: BADCLIENT: Bad error code, 6133 not found in range 1333..1333 (found: 1005, false); could have caused this error:
    Debug Failure. False expression: should not delete whole source file
        at tryDeleteDeclarationWorker (/usr/lib/node_modules/typescript/lib/tsserver.js:151016:26)
        at tryDeleteDeclaration (/usr/lib/node_modules/typescript/lib/tsserver.js:150998:13)
        at /usr/lib/node_modules/typescript/lib/tsserver.js:150863:32
        at Function.ChangeTracker.with (/usr/lib/node_modules/typescript/lib/tsserver.js:144341:17)
        at Object.getCodeActions (/usr/lib/node_modules/typescript/lib/tsserver.js:150862:69)
        at /usr/lib/node_modules/typescript/lib/tsserver.js:145527:77
        at Object.flatMap (/usr/lib/node_modules/typescript/lib/tsserver.js:522:25)
        at Object.getFixes (/usr/lib/node_modules/typescript/lib/tsserver.js:145527:23)
        at /usr/lib/node_modules/typescript/lib/tsserver.js:160394:35
        at Object.flatMap (/usr/lib/node_modules/typescript/lib/tsserver.js:522:25)
        at Object.getCodeFixesAtPosition (/usr/lib/node_modules/typescript/lib/tsserver.js:160392:23)
        at IOSession.Session.getCodeFixes (/usr/lib/node_modules/typescript/lib/tsserver.js:171880:64)
        at Session.handlers.ts.Map.ts.getEntries._a.<computed> (/usr/lib/node_modules/typescript/lib/tsserver.js:170516:61)
        at /usr/lib/node_modules/typescript/lib/tsserver.js:172193:88
        at IOSession.Session.executeWithRequestId (/usr/lib/node_modules/typescript/lib/tsserver.js:172184:28)
        at IOSession.Session.executeCommand (/usr/lib/node_modules/typescript/lib/tsserver.js:172193:33)
        at IOSession.Session.onMessage (/usr/lib/node_modules/typescript/lib/tsserver.js:172219:35)
        at Interface.<anonymous> (/usr/lib/node_modules/typescript/lib/tsserver.js:174824:31)
        at Interface.emit (node:events:390:28)
        at Interface.[_onLine] [as _onLine] (node:internal/readline/interface:389:12)
        at Interface.[_normalWrite] [as _normalWrite] (node:internal/readline/interface:574:59)
        at Socket.ondata (node:internal/readline/interface:219:23)
        at Socket.emit (node:events:390:28)
        at addChunk (node:internal/streams/readable:324:12)
        at readableAddChunk (node:internal/streams/readable:297:9)
        at Socket.Readable.push (node:internal/streams/readable:234:10)
        at Pipe.onStreamRead (node:internal/stream_base_commons:190:23)
